<?xml version="1.0" encoding="UTF-8"?>
<testng-results ignored="0" total="1" passed="1" failed="0" skipped="0">
  <reporter-output>
  </reporter-output>
  <suite started-at="2023-07-28T18:01:24 EDT" name="Default suite" finished-at="2023-07-28T18:02:12 EDT" duration-ms="47837">
    <groups>
    </groups>
    <test started-at="2023-07-28T18:01:24 EDT" name="Default test" finished-at="2023-07-28T18:02:12 EDT" duration-ms="47837">
      <class name="BookPlaceOrder">
        <test-method signature="placeOrder()[pri:0, instance:BookPlaceOrder@4ec4f3a0]" started-at="2023-07-28T18:01:24 EDT" name="placeOrder" finished-at="2023-07-28T18:02:12 EDT" duration-ms="47814" status="PASS">
          <reporter-output>
          </reporter-output>
        </test-method> <!-- placeOrder -->
      </class> <!-- BookPlaceOrder -->
    </test> <!-- Default test -->
  </suite> <!-- Default suite -->
</testng-results>
